<?xml version="1.0" encoding="UTF-8"?>
<!-- Generated by org.testng.reporters.JUnitXMLReporter -->
<testsuite ignored="0" hostname="LAPTOP-NSH5LFJD" failures="0" tests="3" name="Functional Testing" time="149.364" errors="0" timestamp="2025-08-19T12:42:01 IST">
  <testcase classname="Lab18Aug.Login" name="positiveLoginTest" time="53.174"/>
  <testcase classname="Lab18Aug.Login" name="negativeUsernameTest" time="48.027"/>
  <testcase classname="Lab18Aug.Login" name="negativePasswordTest" time="48.086"/>
</testsuite> <!-- Functional Testing -->
