<?xml version="1.0" encoding="UTF-8"?>
<!-- Generated by org.testng.reporters.JUnitXMLReporter -->
<testsuite ignored="0" hostname="LAPTOP-NSH5LFJD" failures="0" tests="3" name="Functional Testing" time="35.134" errors="0" timestamp="2025-08-23T13:32:35 IST">
  <testcase classname="Lab18Aug.Login" name="positiveLoginTest" time="21.685"/>
  <testcase classname="Lab18Aug.Login" name="negativePasswordTest" time="6.435"/>
  <testcase classname="Lab18Aug.Login" name="negativeUsernameTest" time="6.945"/>
</testsuite> <!-- Functional Testing -->
