<?xml version="1.0" encoding="UTF-8"?>
<!-- Generated by org.testng.reporters.JUnitReportReporter -->
<testsuite hostname="LAPTOP-NSH5LFJD" failures="0" tests="1" name="TestRunner.RegistrationTestRunner" time="0.185" errors="1" timestamp="2025-08-24T14:19:55 IST" skipped="0">
  <testcase classname="TestRunner.RegistrationTestRunner" name="runScenario" time="0.185">
    <error message="The step &#039;the user is on the Practice Registration Form page&#039; and 13 other step(s) are undefined.
You can implement these steps using the snippet(s) below:

@Given(&quot;the user is on the Practice Registration Form page&quot;)
public void the_user_is_on_the_practice_registration_form_page() {
    // Write code here that turns the phrase above into concrete actions
    throw new io.cucumber.java.PendingException();
}
@When(&quot;the user enters name {string}&quot;)
public void the_user_enters_name(String string) {
    // Write code here that turns the phrase above into concrete actions
    throw new io.cucumber.java.PendingException();
}
@When(&quot;the user enters email {string}&quot;)
public void the_user_enters_email(String string) {
    // Write code here that turns the phrase above into concrete actions
    throw new io.cucumber.java.PendingException();
}
@When(&quot;the user selects gender {string}&quot;)
public void the_user_selects_gender(String string) {
    // Write code here that turns the phrase above into concrete actions
    throw new io.cucumber.java.PendingException();
}
@When(&quot;the user enters mobile number {string}&quot;)
public void the_user_enters_mobile_number(String string) {
    // Write code here that turns the phrase above into concrete actions
    throw new io.cucumber.java.PendingException();
}
@When(&quot;the user enters date of birth {string}&quot;)
public void the_user_enters_date_of_birth(String string) {
    // Write code here that turns the phrase above into concrete actions
    throw new io.cucumber.java.PendingException();
}
@When(&quot;the user enters subjects {string}&quot;)
public void the_user_enters_subjects(String string) {
    // Write code here that turns the phrase above into concrete actions
    throw new io.cucumber.java.PendingException();
}
@When(&quot;the user selects hobby {string}&quot;)
public void the_user_selects_hobby(String string) {
    // Write code here that turns the phrase above into concrete actions
    throw new io.cucumber.java.PendingException();
}
@When(&quot;the user uploads a picture {string}&quot;)
public void the_user_uploads_a_picture(String string) {
    // Write code here that turns the phrase above into concrete actions
    throw new io.cucumber.java.PendingException();
}
@When(&quot;the user enters address {string}&quot;)
public void the_user_enters_address(String string) {
    // Write code here that turns the phrase above into concrete actions
    throw new io.cucumber.java.PendingException();
}
@When(&quot;the user selects state {string}&quot;)
public void the_user_selects_state(String string) {
    // Write code here that turns the phrase above into concrete actions
    throw new io.cucumber.java.PendingException();
}
@When(&quot;the user selects city {string}&quot;)
public void the_user_selects_city(String string) {
    // Write code here that turns the phrase above into concrete actions
    throw new io.cucumber.java.PendingException();
}
@When(&quot;the user clicks on the login button&quot;)
public void the_user_clicks_on_the_login_button() {
    // Write code here that turns the phrase above into concrete actions
    throw new io.cucumber.java.PendingException();
}
@Then(&quot;the registration should be submitted successfully&quot;)
public void the_registration_should_be_submitted_successfully() {
    // Write code here that turns the phrase above into concrete actions
    throw new io.cucumber.java.PendingException();
}
" type="io.cucumber.testng.UndefinedStepException">
      <![CDATA[io.cucumber.testng.UndefinedStepException: The step 'the user is on the Practice Registration Form page' and 13 other step(s) are undefined.
You can implement these steps using the snippet(s) below:

@Given("the user is on the Practice Registration Form page")
public void the_user_is_on_the_practice_registration_form_page() {
    // Write code here that turns the phrase above into concrete actions
    throw new io.cucumber.java.PendingException();
}
@When("the user enters name {string}")
public void the_user_enters_name(String string) {
    // Write code here that turns the phrase above into concrete actions
    throw new io.cucumber.java.PendingException();
}
@When("the user enters email {string}")
public void the_user_enters_email(String string) {
    // Write code here that turns the phrase above into concrete actions
    throw new io.cucumber.java.PendingException();
}
@When("the user selects gender {string}")
public void the_user_selects_gender(String string) {
    // Write code here that turns the phrase above into concrete actions
    throw new io.cucumber.java.PendingException();
}
@When("the user enters mobile number {string}")
public void the_user_enters_mobile_number(String string) {
    // Write code here that turns the phrase above into concrete actions
    throw new io.cucumber.java.PendingException();
}
@When("the user enters date of birth {string}")
public void the_user_enters_date_of_birth(String string) {
    // Write code here that turns the phrase above into concrete actions
    throw new io.cucumber.java.PendingException();
}
@When("the user enters subjects {string}")
public void the_user_enters_subjects(String string) {
    // Write code here that turns the phrase above into concrete actions
    throw new io.cucumber.java.PendingException();
}
@When("the user selects hobby {string}")
public void the_user_selects_hobby(String string) {
    // Write code here that turns the phrase above into concrete actions
    throw new io.cucumber.java.PendingException();
}
@When("the user uploads a picture {string}")
public void the_user_uploads_a_picture(String string) {
    // Write code here that turns the phrase above into concrete actions
    throw new io.cucumber.java.PendingException();
}
@When("the user enters address {string}")
public void the_user_enters_address(String string) {
    // Write code here that turns the phrase above into concrete actions
    throw new io.cucumber.java.PendingException();
}
@When("the user selects state {string}")
public void the_user_selects_state(String string) {
    // Write code here that turns the phrase above into concrete actions
    throw new io.cucumber.java.PendingException();
}
@When("the user selects city {string}")
public void the_user_selects_city(String string) {
    // Write code here that turns the phrase above into concrete actions
    throw new io.cucumber.java.PendingException();
}
@When("the user clicks on the login button")
public void the_user_clicks_on_the_login_button() {
    // Write code here that turns the phrase above into concrete actions
    throw new io.cucumber.java.PendingException();
}
@Then("the registration should be submitted successfully")
public void the_registration_should_be_submitted_successfully() {
    // Write code here that turns the phrase above into concrete actions
    throw new io.cucumber.java.PendingException();
}

at ✽.the user is on the Practice Registration Form page(file:///C:/Users/irfan/eclipse-workspace/bdd/src/test/resources/Features/Registration.feature:4)
]]>
    </error>
  </testcase> <!-- runScenario -->
</testsuite> <!-- TestRunner.RegistrationTestRunner -->
