<?xml version="1.0" encoding="UTF-8"?>
<!-- Generated by org.testng.reporters.JUnitXMLReporter -->
<testsuite ignored="0" hostname="LAPTOP-NSH5LFJD" failures="0" tests="3" name="Default test" time="26.05" errors="0" timestamp="2025-08-23T10:57:04 IST">
  <testcase classname="Lab18Aug.Login" name="positiveLoginTest" time="11.738"/>
  <testcase classname="Lab18Aug.Login" name="negativeUsernameTest" time="7.447"/>
  <testcase classname="Lab18Aug.Login" name="negativePasswordTest" time="6.789"/>
</testsuite> <!-- Default test -->
