<?xml version="1.0" encoding="UTF-8"?>
<testng-results ignored="0" total="3" passed="3" failed="0" skipped="0">
  <reporter-output>
  </reporter-output>
  <suite started-at="2025-08-23T13:32:00 IST" name="Functional Testing" finished-at="2025-08-23T13:32:35 IST" duration-ms="35134">
    <groups>
      <group name="Sanity">
        <method signature="Login.negativeUsernameTest()[pri:1, instance:Lab18Aug.Login@2d901eb0]" name="negativeUsernameTest" class="Lab18Aug.Login"/>
        <method signature="Login.negativePasswordTest()[pri:2, instance:Lab18Aug.Login@2d901eb0]" name="negativePasswordTest" class="Lab18Aug.Login"/>
      </group> <!-- Sanity -->
      <group name="Regression">
        <method signature="Login.positiveLoginTest()[pri:0, instance:Lab18Aug.Login@2d901eb0]" name="positiveLoginTest" class="Lab18Aug.Login"/>
        <method signature="Login.negativeUsernameTest()[pri:1, instance:Lab18Aug.Login@2d901eb0]" name="negativeUsernameTest" class="Lab18Aug.Login"/>
      </group> <!-- Regression -->
    </groups>
    <test started-at="2025-08-23T13:32:00 IST" name="Functional Testing" finished-at="2025-08-23T13:32:35 IST" duration-ms="35134">
      <class name="Lab18Aug.Login">
        <test-method is-config="true" signature="beforeSuite()[pri:0, instance:Lab18Aug.Login@2d901eb0]" started-at="2025-08-23T13:32:00 IST" name="beforeSuite" finished-at="2025-08-23T13:32:00 IST" duration-ms="12" status="PASS">
          <reporter-output>
          </reporter-output>
        </test-method> <!-- beforeSuite -->
        <test-method is-config="true" signature="beforeTest()[pri:0, instance:Lab18Aug.Login@2d901eb0]" started-at="2025-08-23T13:32:00 IST" name="beforeTest" finished-at="2025-08-23T13:32:00 IST" duration-ms="0" status="PASS">
          <reporter-output>
          </reporter-output>
        </test-method> <!-- beforeTest -->
        <test-method is-config="true" signature="beforeClass()[pri:0, instance:Lab18Aug.Login@2d901eb0]" started-at="2025-08-23T13:32:00 IST" name="beforeClass" finished-at="2025-08-23T13:32:00 IST" duration-ms="1" status="PASS">
          <reporter-output>
          </reporter-output>
        </test-method> <!-- beforeClass -->
        <test-method is-config="true" signature="beforeMethod()[pri:0, instance:Lab18Aug.Login@2d901eb0]" started-at="2025-08-23T13:32:00 IST" name="beforeMethod" finished-at="2025-08-23T13:32:00 IST" duration-ms="0" status="PASS">
          <reporter-output>
          </reporter-output>
        </test-method> <!-- beforeMethod -->
        <test-method signature="positiveLoginTest()[pri:0, instance:Lab18Aug.Login@2d901eb0]" started-at="2025-08-23T13:32:00 IST" name="positiveLoginTest" finished-at="2025-08-23T13:32:22 IST" duration-ms="21685" status="PASS">
          <reporter-output>
          </reporter-output>
        </test-method> <!-- positiveLoginTest -->
        <test-method is-config="true" signature="afterMethod()[pri:0, instance:Lab18Aug.Login@2d901eb0]" started-at="2025-08-23T13:32:22 IST" name="afterMethod" finished-at="2025-08-23T13:32:22 IST" duration-ms="1" status="PASS">
          <reporter-output>
          </reporter-output>
        </test-method> <!-- afterMethod -->
        <test-method is-config="true" signature="beforeMethod()[pri:0, instance:Lab18Aug.Login@2d901eb0]" started-at="2025-08-23T13:32:22 IST" name="beforeMethod" finished-at="2025-08-23T13:32:22 IST" duration-ms="1" status="PASS">
          <reporter-output>
          </reporter-output>
        </test-method> <!-- beforeMethod -->
        <test-method signature="negativePasswordTest()[pri:2, instance:Lab18Aug.Login@2d901eb0]" started-at="2025-08-23T13:32:22 IST" name="negativePasswordTest" finished-at="2025-08-23T13:32:28 IST" duration-ms="6435" status="PASS">
          <reporter-output>
          </reporter-output>
        </test-method> <!-- negativePasswordTest -->
        <test-method is-config="true" signature="afterMethod()[pri:0, instance:Lab18Aug.Login@2d901eb0]" started-at="2025-08-23T13:32:28 IST" name="afterMethod" finished-at="2025-08-23T13:32:28 IST" duration-ms="0" status="PASS">
          <reporter-output>
          </reporter-output>
        </test-method> <!-- afterMethod -->
        <test-method is-config="true" signature="beforeMethod()[pri:0, instance:Lab18Aug.Login@2d901eb0]" started-at="2025-08-23T13:32:28 IST" name="beforeMethod" finished-at="2025-08-23T13:32:28 IST" duration-ms="1" status="PASS">
          <reporter-output>
          </reporter-output>
        </test-method> <!-- beforeMethod -->
        <test-method signature="negativeUsernameTest()[pri:1, instance:Lab18Aug.Login@2d901eb0]" started-at="2025-08-23T13:32:28 IST" name="negativeUsernameTest" finished-at="2025-08-23T13:32:35 IST" depends-on-methods="Lab18Aug.Login.positiveLoginTest" duration-ms="6945" status="PASS">
          <reporter-output>
          </reporter-output>
        </test-method> <!-- negativeUsernameTest -->
        <test-method is-config="true" signature="afterMethod()[pri:0, instance:Lab18Aug.Login@2d901eb0]" started-at="2025-08-23T13:32:35 IST" name="afterMethod" finished-at="2025-08-23T13:32:35 IST" duration-ms="1" status="PASS">
          <reporter-output>
          </reporter-output>
        </test-method> <!-- afterMethod -->
        <test-method is-config="true" signature="afterClass()[pri:0, instance:Lab18Aug.Login@2d901eb0]" started-at="2025-08-23T13:32:35 IST" name="afterClass" finished-at="2025-08-23T13:32:35 IST" duration-ms="1" status="PASS">
          <reporter-output>
          </reporter-output>
        </test-method> <!-- afterClass -->
        <test-method is-config="true" signature="afterTest()[pri:0, instance:Lab18Aug.Login@2d901eb0]" started-at="2025-08-23T13:32:35 IST" name="afterTest" finished-at="2025-08-23T13:32:35 IST" duration-ms="1" status="PASS">
          <reporter-output>
          </reporter-output>
        </test-method> <!-- afterTest -->
        <test-method is-config="true" signature="afterSuite()[pri:0, instance:Lab18Aug.Login@2d901eb0]" started-at="2025-08-23T13:32:35 IST" name="afterSuite" finished-at="2025-08-23T13:32:35 IST" duration-ms="1" status="PASS">
          <reporter-output>
          </reporter-output>
        </test-method> <!-- afterSuite -->
      </class> <!-- Lab18Aug.Login -->
    </test> <!-- Functional Testing -->
  </suite> <!-- Functional Testing -->
</testng-results>
