<?xml version="1.0" encoding="UTF-8"?>
<testng-results ignored="0" total="1" passed="1" failed="0" skipped="0">
  <reporter-output>
  </reporter-output>
  <suite started-at="2025-08-19T17:35:18 IST" name="Default suite" finished-at="2025-08-19T17:35:26 IST" duration-ms="8192">
    <groups>
    </groups>
    <test started-at="2025-08-19T17:35:18 IST" name="Default test" finished-at="2025-08-19T17:35:26 IST" duration-ms="8192">
      <class name="com.wiprojuly.datadriventesting.ExcelWrite">
        <test-method signature="login()[pri:0, instance:com.wiprojuly.datadriventesting.ExcelWrite@368247b9]" started-at="2025-08-19T17:35:18 IST" name="login" finished-at="2025-08-19T17:35:26 IST" duration-ms="8128" status="PASS">
          <reporter-output>
          </reporter-output>
        </test-method> <!-- login -->
      </class> <!-- com.wiprojuly.datadriventesting.ExcelWrite -->
    </test> <!-- Default test -->
  </suite> <!-- Default suite -->
</testng-results>
