<?xml version="1.0" encoding="UTF-8"?>
<!-- Generated by org.testng.reporters.JUnitXMLReporter -->
<testsuite ignored="0" hostname="LAPTOP-NSH5LFJD" failures="0" tests="3" name="Functional Testing" time="22.963" errors="0" timestamp="2025-08-23T13:41:00 IST">
  <testcase classname="Lab18Aug.Login" name="positiveLoginTest" time="10.616"/>
  <testcase classname="Lab18Aug.Login" name="negativePasswordTest" time="6.07"/>
  <testcase classname="Lab18Aug.Login" name="negativeUsernameTest" time="6.234"/>
</testsuite> <!-- Functional Testing -->
